0 info it worked if it ends with ok
1 verbose cli [ 'node', '/usr/local/bin/npm', 'publish' ]
2 info using npm@1.1.65
3 info using node@v0.8.14
4 verbose publish [ '.' ]
5 verbose read json /home/andy/lib/modules/npm/express-validate-requests/package.json
6 verbose cache add [ '.', null ]
7 silly cache add name=undefined spec="." args=[".",null]
8 verbose parsed url { pathname: '.', path: '.', href: '.' }
9 silly lockFile 3a52ce78- .
10 verbose lock . /home/andy/.npm/3a52ce78-.lock
11 verbose read json package.json
12 verbose tar pack [ '/home/andy/tmp/npm-7423/1365797358303-0.8380011706613004/tmp.tgz',
12 verbose tar pack   '.' ]
13 verbose tarball /home/andy/tmp/npm-7423/1365797358303-0.8380011706613004/tmp.tgz
14 verbose folder .
15 info prepublish express-validate-requests@0.1.0
16 silly lockFile c3245629-58303-0-8380011706613004-tmp-tgz /home/andy/tmp/npm-7423/1365797358303-0.8380011706613004/tmp.tgz
17 verbose lock /home/andy/tmp/npm-7423/1365797358303-0.8380011706613004/tmp.tgz /home/andy/.npm/c3245629-58303-0-8380011706613004-tmp-tgz.lock
18 silly lockFile c3245629-58303-0-8380011706613004-tmp-tgz /home/andy/tmp/npm-7423/1365797358303-0.8380011706613004/tmp.tgz
19 verbose tar unpack /home/andy/tmp/npm-7423/1365797358303-0.8380011706613004/tmp.tgz
20 silly lockFile a0da2760-58303-0-8380011706613004-package /home/andy/tmp/npm-7423/1365797358303-0.8380011706613004/package
21 verbose lock /home/andy/tmp/npm-7423/1365797358303-0.8380011706613004/package /home/andy/.npm/a0da2760-58303-0-8380011706613004-package.lock
22 silly gunzTarPerm modes [ '755', '644' ]
23 silly gunzTarPerm extractEntry package.json
24 silly gunzTarPerm extractEntry .npmignore
25 silly gunzTarPerm extractEntry README.md
26 silly gunzTarPerm extractEntry LICENSE
27 silly gunzTarPerm extractEntry index.js
28 silly gunzTarPerm extractEntry .travis.yml
29 silly gunzTarPerm extractEntry lib/main.js
30 silly gunzTarPerm extractEntry lib/middleware/allow-cross-origin-requests.js
31 silly gunzTarPerm extractEntry lib/middleware/allow-just-json-requests.js
32 silly gunzTarPerm extractEntry lib/middleware/allow-just-xhr.js
33 silly gunzTarPerm extractEntry lib/middleware/sanitize-requests.js
34 silly gunzTarPerm extractEntry lib/helpers/check-got-all-params.js
35 silly gunzTarPerm extractEntry test/main.test.js
36 silly gunzTarPerm extractEntry test/middleware/allow-just-json-requests.test.js
37 silly gunzTarPerm extractEntry test/middleware/sanitize-requests.test.js
38 silly gunzTarPerm extractEntry test/middleware/allow-just-xhr.test.js
39 silly gunzTarPerm extractEntry test/middleware/allow-cross-origin-requests.test.js
40 silly gunzTarPerm extractEntry test/helpers/check-got-all-params.test.js
41 verbose read json /home/andy/tmp/npm-7423/1365797358303-0.8380011706613004/package/package.json
42 silly lockFile a0da2760-58303-0-8380011706613004-package /home/andy/tmp/npm-7423/1365797358303-0.8380011706613004/package
43 verbose from cache /home/andy/tmp/npm-7423/1365797358303-0.8380011706613004/package/package.json
44 verbose tar pack [ '/home/andy/.npm/express-validate-requests/0.1.0/package.tgz',
44 verbose tar pack   '/home/andy/tmp/npm-7423/1365797358303-0.8380011706613004/package' ]
45 verbose tarball /home/andy/.npm/express-validate-requests/0.1.0/package.tgz
46 verbose folder /home/andy/tmp/npm-7423/1365797358303-0.8380011706613004/package
47 silly lockFile 4f4a13c9-idate-requests-0-1-0-package-tgz /home/andy/.npm/express-validate-requests/0.1.0/package.tgz
48 verbose lock /home/andy/.npm/express-validate-requests/0.1.0/package.tgz /home/andy/.npm/4f4a13c9-idate-requests-0-1-0-package-tgz.lock
49 silly lockFile 4f4a13c9-idate-requests-0-1-0-package-tgz /home/andy/.npm/express-validate-requests/0.1.0/package.tgz
50 silly lockFile 70b0775e--validate-requests-0-1-0-package /home/andy/.npm/express-validate-requests/0.1.0/package
51 verbose lock /home/andy/.npm/express-validate-requests/0.1.0/package /home/andy/.npm/70b0775e--validate-requests-0-1-0-package.lock
52 silly lockFile 70b0775e--validate-requests-0-1-0-package /home/andy/.npm/express-validate-requests/0.1.0/package
53 verbose tar unpack /home/andy/.npm/express-validate-requests/0.1.0/package.tgz
54 silly lockFile 70b0775e--validate-requests-0-1-0-package /home/andy/.npm/express-validate-requests/0.1.0/package
55 verbose lock /home/andy/.npm/express-validate-requests/0.1.0/package /home/andy/.npm/70b0775e--validate-requests-0-1-0-package.lock
56 silly gunzTarPerm modes [ '755', '644' ]
57 silly gunzTarPerm extractEntry package.json
58 silly gunzTarPerm extractEntry .npmignore
59 silly gunzTarPerm extractEntry README.md
60 silly gunzTarPerm extractEntry LICENSE
61 silly gunzTarPerm extractEntry index.js
62 silly gunzTarPerm extractEntry .travis.yml
63 silly gunzTarPerm extractEntry lib/main.js
64 silly gunzTarPerm extractEntry lib/middleware/allow-cross-origin-requests.js
65 silly gunzTarPerm extractEntry lib/middleware/allow-just-json-requests.js
66 silly gunzTarPerm extractEntry lib/middleware/allow-just-xhr.js
67 silly gunzTarPerm extractEntry lib/middleware/sanitize-requests.js
68 silly gunzTarPerm extractEntry lib/helpers/check-got-all-params.js
69 silly gunzTarPerm extractEntry test/main.test.js
70 silly gunzTarPerm extractEntry test/middleware/allow-just-json-requests.test.js
71 silly gunzTarPerm extractEntry test/middleware/sanitize-requests.test.js
72 silly gunzTarPerm extractEntry test/middleware/allow-just-xhr.test.js
73 silly gunzTarPerm extractEntry test/middleware/allow-cross-origin-requests.test.js
74 silly gunzTarPerm extractEntry test/helpers/check-got-all-params.test.js
75 verbose read json /home/andy/.npm/express-validate-requests/0.1.0/package/package.json
76 silly lockFile 70b0775e--validate-requests-0-1-0-package /home/andy/.npm/express-validate-requests/0.1.0/package
77 silly shasum updated bytes 5376
78 info shasum fbeb74c73f32de20925241d18530d3baa3dfdfa9
78 info shasum /home/andy/.npm/express-validate-requests/0.1.0/package.tgz
79 verbose from cache /home/andy/.npm/express-validate-requests/0.1.0/package/package.json
80 verbose chmod /home/andy/.npm/express-validate-requests/0.1.0/package.tgz 644
81 verbose chown /home/andy/.npm/express-validate-requests/0.1.0/package.tgz [ 1000, 1000 ]
82 silly lockFile 3a52ce78- .
83 silly publish { name: 'express-validate-requests',
83 silly publish   version: '0.1.0',
83 silly publish   description: 'methods to validate and sanatise requests in express.js',
83 silly publish   main: 'index.js',
83 silly publish   scripts: { test: 'tap ./test' },
83 silly publish   repository:
83 silly publish    { type: 'git',
83 silly publish      url: 'git@github.com:techjacker/express-validate-requests.git' },
83 silly publish   keywords:
83 silly publish    [ 'express.js',
83 silly publish      'sanatize',
83 silly publish      'validate',
83 silly publish      'cors',
83 silly publish      'x-origin',
83 silly publish      'cross-origin',
83 silly publish      'express' ],
83 silly publish   author: { name: 'andrew griffiths' },
83 silly publish   license: 'MIT',
83 silly publish   devDependencies: { tap: '~0.4.1' },
83 silly publish   dependencies:
83 silly publish    { underscore: '~1.4.4',
83 silly publish      'custom-errors': '~1.2.0',
83 silly publish      validator: '~0.5.0' },
83 silly publish   readme: '# Express Validate Requests\n\n[![Build Status](https://secure.travis-ci.org/techjacker/express-validate-requests.png)](http://travis-ci.org/techjacker/express-validate-requests)\n\n## QuickStart\n#### The following MIDDLEWARE (app.use(fn)) methods are included:\n- sanitizeRequest(req, res, next)\n- allowJustXHR(req, res, next)\n- allowJustJsonRequests(req, res, next)\n- allowXOrigin(req, res, next)\n\nIf the validation fails then an next(error) will be called. You should set up an error catcher as your last piece of middleware as a catchall for any errors.\n\n#### The following helper fns are included:\n- checkGotAllParams(params:{@Object}, requiredParamsKeys:{@Array})\n\n## Full Example\n\n```JavaScript\nvar express    \t= require(\'express\'),\n    app        \t= express(),\n    valExpress \t= require(\'express-validate-requests\'),\n    middle \t\t= valExpress.middleware,\n    helpers\t\t= valExpress.helpers,\n\tallowedHosts = ["api.domainx.com", "www.domainx.com"],\n\tallowedOrigins = ["http://domainx.com", "http://www.domainx.com"];\n\napp.configure(function() {\n\tapp.use(middle.allowJustXHR);\n\tapp.use(middle.onlyAllowJsonRequests);\n\tapp.use(middle.sanitizeRequest);\n\n\t// middle.setAllowCrossOrigin returns fn(req, res, next)\n\tapp.use(middle.setAllowCrossOrigin(allowedHosts, allowedOrigins));\n});\n\napp.get(\'/someroute\', function (req,res,next) {\n\tvar requiredParamsKeys = ["paramOneKey", "paramTwoKey"];\n\tif (!helpers.checkGotAllParams(req.query, requiredParamsKeys)) {\n\t\tnext(new Error(\'invalid params\'));\n\t} else {\n\t\tnext();\n\t}\n});\n\n//... error catcher at very bottom\napp.configure(\'development\', function() {\n    app.use(express.errorHandler()); // built-in express error handler\n});\n\n// listen once configured everything\nhttp.createServer(app).listen(app.get(\'port\'), function() {\n\tconsole.log("Express server listening on port: " + app.get(\'port\'));\n});\n```',
83 silly publish   readmeFilename: 'README.md',
83 silly publish   _id: 'express-validate-requests@0.1.0',
83 silly publish   dist: { shasum: 'fbeb74c73f32de20925241d18530d3baa3dfdfa9' } }
84 verbose url raw express-validate-requests
85 verbose url resolving [ 'https://registry.npmjs.org/', './express-validate-requests' ]
86 verbose url resolved https://registry.npmjs.org/express-validate-requests
87 info trying registry request attempt 1 at 22:09:18
88 http PUT https://registry.npmjs.org/express-validate-requests
89 http 409 https://registry.npmjs.org/express-validate-requests
90 verbose url raw express-validate-requests
91 verbose url resolving [ 'https://registry.npmjs.org/', './express-validate-requests' ]
92 verbose url resolved https://registry.npmjs.org/express-validate-requests
93 info trying registry request attempt 1 at 22:09:19
94 http GET https://registry.npmjs.org/express-validate-requests
95 http 200 https://registry.npmjs.org/express-validate-requests
96 error publish fail Cannot publish over existing version.
96 error publish fail Bump the 'version' field, set the --force flag, or
96 error publish fail     npm unpublish 'express-validate-requests@0.1.0'
96 error publish fail and try again
97 error System Linux 3.2.0-23-generic
98 error command "node" "/usr/local/bin/npm" "publish"
99 error cwd /home/andy/lib/modules/npm/express-validate-requests
100 error node -v v0.8.14
101 error npm -v 1.1.65
102 error code EPUBLISHCONFLICT
103 verbose exit [ 1, true ]
